Analysis & Synthesis report for FSM_RX
Mon Dec 07 12:49:46 2020
Quartus II Version 11.0 Build 208 07/03/2011 Service Pack 1 SJ Web Edition


---------------------
; Table of Contents ;
---------------------
  1. Legal Notice
  2. Analysis & Synthesis Summary
  3. Analysis & Synthesis Settings
  4. Parallel Compilation
  5. Analysis & Synthesis Source Files Read
  6. Analysis & Synthesis Resource Usage Summary
  7. Analysis & Synthesis Resource Utilization by Entity
  8. State Machine - |RX|FSM_RX:CU|PS
  9. User-Specified and Inferred Latches
 10. General Register Statistics
 11. Elapsed Time Per Partition
 12. Analysis & Synthesis Messages



----------------
; Legal Notice ;
----------------
Copyright (C) 1991-2011 Altera Corporation
Your use of Altera Corporation's design tools, logic functions 
and other software and tools, and its AMPP partner logic 
functions, and any output files from any of the foregoing 
(including device programming or simulation files), and any 
associated documentation or information are expressly subject 
to the terms and conditions of the Altera Program License 
Subscription Agreement, Altera MegaCore Function License 
Agreement, or other applicable license agreement, including, 
without limitation, that your use is for the sole purpose of 
programming logic devices manufactured by Altera and sold by 
Altera or its authorized distributors.  Please refer to the 
applicable agreement for further details.



+------------------------------------------------------------------------------------+
; Analysis & Synthesis Summary                                                       ;
+------------------------------------+-----------------------------------------------+
; Analysis & Synthesis Status        ; Successful - Mon Dec 07 12:49:45 2020         ;
; Quartus II Version                 ; 11.0 Build 208 07/03/2011 SP 1 SJ Web Edition ;
; Revision Name                      ; FSM_RX                                        ;
; Top-level Entity Name              ; RX                                            ;
; Family                             ; Cyclone II                                    ;
; Total logic elements               ; 88                                            ;
;     Total combinational functions  ; 69                                            ;
;     Dedicated logic registers      ; 61                                            ;
; Total registers                    ; 61                                            ;
; Total pins                         ; 12                                            ;
; Total virtual pins                 ; 0                                             ;
; Total memory bits                  ; 0                                             ;
; Embedded Multiplier 9-bit elements ; 0                                             ;
; Total PLLs                         ; 0                                             ;
+------------------------------------+-----------------------------------------------+


+----------------------------------------------------------------------------------------------------------------------+
; Analysis & Synthesis Settings                                                                                        ;
+----------------------------------------------------------------------------+--------------------+--------------------+
; Option                                                                     ; Setting            ; Default Value      ;
+----------------------------------------------------------------------------+--------------------+--------------------+
; Device                                                                     ; EP2C35U484C6       ;                    ;
; Top-level entity name                                                      ; RX                 ; FSM_RX             ;
; Family name                                                                ; Cyclone II         ; Cyclone IV GX      ;
; Use smart compilation                                                      ; Off                ; Off                ;
; Enable parallel Assembler and TimeQuest Timing Analyzer during compilation ; On                 ; On                 ;
; Enable compact report table                                                ; Off                ; Off                ;
; Restructure Multiplexers                                                   ; Auto               ; Auto               ;
; Create Debugging Nodes for IP Cores                                        ; Off                ; Off                ;
; Preserve fewer node names                                                  ; On                 ; On                 ;
; Disable OpenCore Plus hardware evaluation                                  ; Off                ; Off                ;
; Verilog Version                                                            ; Verilog_2001       ; Verilog_2001       ;
; VHDL Version                                                               ; VHDL_1993          ; VHDL_1993          ;
; State Machine Processing                                                   ; Auto               ; Auto               ;
; Safe State Machine                                                         ; Off                ; Off                ;
; Extract Verilog State Machines                                             ; On                 ; On                 ;
; Extract VHDL State Machines                                                ; On                 ; On                 ;
; Ignore Verilog initial constructs                                          ; Off                ; Off                ;
; Iteration limit for constant Verilog loops                                 ; 5000               ; 5000               ;
; Iteration limit for non-constant Verilog loops                             ; 250                ; 250                ;
; Add Pass-Through Logic to Inferred RAMs                                    ; On                 ; On                 ;
; Parallel Synthesis                                                         ; On                 ; On                 ;
; DSP Block Balancing                                                        ; Auto               ; Auto               ;
; NOT Gate Push-Back                                                         ; On                 ; On                 ;
; Power-Up Don't Care                                                        ; On                 ; On                 ;
; Remove Redundant Logic Cells                                               ; Off                ; Off                ;
; Remove Duplicate Registers                                                 ; On                 ; On                 ;
; Ignore CARRY Buffers                                                       ; Off                ; Off                ;
; Ignore CASCADE Buffers                                                     ; Off                ; Off                ;
; Ignore GLOBAL Buffers                                                      ; Off                ; Off                ;
; Ignore ROW GLOBAL Buffers                                                  ; Off                ; Off                ;
; Ignore LCELL Buffers                                                       ; Off                ; Off                ;
; Ignore SOFT Buffers                                                        ; On                 ; On                 ;
; Limit AHDL Integers to 32 Bits                                             ; Off                ; Off                ;
; Optimization Technique                                                     ; Balanced           ; Balanced           ;
; Carry Chain Length                                                         ; 70                 ; 70                 ;
; Auto Carry Chains                                                          ; On                 ; On                 ;
; Auto Open-Drain Pins                                                       ; On                 ; On                 ;
; Perform WYSIWYG Primitive Resynthesis                                      ; Off                ; Off                ;
; Auto ROM Replacement                                                       ; On                 ; On                 ;
; Auto RAM Replacement                                                       ; On                 ; On                 ;
; Auto Shift Register Replacement                                            ; Auto               ; Auto               ;
; Allow Shift Register Merging across Hierarchies                            ; Auto               ; Auto               ;
; Auto Clock Enable Replacement                                              ; On                 ; On                 ;
; Strict RAM Replacement                                                     ; Off                ; Off                ;
; Allow Synchronous Control Signals                                          ; On                 ; On                 ;
; Force Use of Synchronous Clear Signals                                     ; Off                ; Off                ;
; Auto RAM to Logic Cell Conversion                                          ; Off                ; Off                ;
; Auto Resource Sharing                                                      ; Off                ; Off                ;
; Allow Any RAM Size For Recognition                                         ; Off                ; Off                ;
; Allow Any ROM Size For Recognition                                         ; Off                ; Off                ;
; Allow Any Shift Register Size For Recognition                              ; Off                ; Off                ;
; Use LogicLock Constraints during Resource Balancing                        ; On                 ; On                 ;
; Ignore translate_off and synthesis_off directives                          ; Off                ; Off                ;
; Timing-Driven Synthesis                                                    ; Off                ; Off                ;
; Report Parameter Settings                                                  ; On                 ; On                 ;
; Report Source Assignments                                                  ; On                 ; On                 ;
; Report Connectivity Checks                                                 ; On                 ; On                 ;
; Ignore Maximum Fan-Out Assignments                                         ; Off                ; Off                ;
; Synchronization Register Chain Length                                      ; 2                  ; 2                  ;
; PowerPlay Power Optimization                                               ; Normal compilation ; Normal compilation ;
; HDL message level                                                          ; Level2             ; Level2             ;
; Suppress Register Optimization Related Messages                            ; Off                ; Off                ;
; Number of Removed Registers Reported in Synthesis Report                   ; 5000               ; 5000               ;
; Number of Inverted Registers Reported in Synthesis Report                  ; 100                ; 100                ;
; Clock MUX Protection                                                       ; On                 ; On                 ;
; Auto Gated Clock Conversion                                                ; Off                ; Off                ;
; Block Design Naming                                                        ; Auto               ; Auto               ;
; SDC constraint protection                                                  ; Off                ; Off                ;
; Synthesis Effort                                                           ; Auto               ; Auto               ;
; Shift Register Replacement - Allow Asynchronous Clear Signal               ; On                 ; On                 ;
; Analysis & Synthesis Message Level                                         ; Medium             ; Medium             ;
; Disable Register Merging Across Hierarchies                                ; Auto               ; Auto               ;
; Resource Aware Inference For Block RAM                                     ; On                 ; On                 ;
; Synthesis Seed                                                             ; 1                  ; 1                  ;
+----------------------------------------------------------------------------+--------------------+--------------------+


Parallel compilation was disabled, but you have multiple processors available. Enable parallel compilation to reduce compilation time.
+-------------------------------------+
; Parallel Compilation                ;
+----------------------------+--------+
; Processors                 ; Number ;
+----------------------------+--------+
; Number detected on machine ; 2      ;
; Maximum allowed            ; 1      ;
+----------------------------+--------+


+---------------------------------------------------------------------------------------------------------------------------------------+
; Analysis & Synthesis Source Files Read                                                                                                ;
+----------------------------------+-----------------+-----------------+----------------------------------------------------------------+
; File Name with User-Entered Path ; Used in Netlist ; File Type       ; File Name with Absolute Path                                   ;
+----------------------------------+-----------------+-----------------+----------------------------------------------------------------+
; SHIFT_REGISTER.vhd               ; yes             ; User VHDL File  ; C:/Users/Utente.000/Desktop/progetti SDI/RX/SHIFT_REGISTER.vhd ;
; VOTER.vhd                        ; yes             ; User VHDL File  ; C:/Users/Utente.000/Desktop/progetti SDI/RX/VOTER.vhd          ;
; REG.vhd                          ; yes             ; User VHDL File  ; C:/Users/Utente.000/Desktop/progetti SDI/RX/REG.vhd            ;
; FSM_RX.vhd                       ; yes             ; User VHDL File  ; C:/Users/Utente.000/Desktop/progetti SDI/RX/FSM_RX.vhd         ;
; start_g.vhd                      ; yes             ; User VHDL File  ; C:/Users/Utente.000/Desktop/progetti SDI/RX/start_g.vhd        ;
; Cnt_c.vhd                        ; yes             ; User VHDL File  ; C:/Users/Utente.000/Desktop/progetti SDI/RX/Cnt_c.vhd          ;
; Cnt_0.vhd                        ; yes             ; User VHDL File  ; C:/Users/Utente.000/Desktop/progetti SDI/RX/Cnt_0.vhd          ;
; RX.vhd                           ; yes             ; User VHDL File  ; C:/Users/Utente.000/Desktop/progetti SDI/RX/RX.vhd             ;
+----------------------------------+-----------------+-----------------+----------------------------------------------------------------+


+-----------------------------------------------------+
; Analysis & Synthesis Resource Usage Summary         ;
+---------------------------------------------+-------+
; Resource                                    ; Usage ;
+---------------------------------------------+-------+
; Estimated Total logic elements              ; 88    ;
;                                             ;       ;
; Total combinational functions               ; 69    ;
; Logic element usage by number of LUT inputs ;       ;
;     -- 4 input functions                    ; 17    ;
;     -- 3 input functions                    ; 35    ;
;     -- <=2 input functions                  ; 17    ;
;                                             ;       ;
; Logic elements by mode                      ;       ;
;     -- normal mode                          ; 59    ;
;     -- arithmetic mode                      ; 10    ;
;                                             ;       ;
; Total registers                             ; 61    ;
;     -- Dedicated logic registers            ; 61    ;
;     -- I/O registers                        ; 0     ;
;                                             ;       ;
; I/O pins                                    ; 12    ;
; Maximum fan-out node                        ; CLK   ;
; Maximum fan-out                             ; 61    ;
; Total fan-out                               ; 383   ;
; Average fan-out                             ; 2.70  ;
+---------------------------------------------+-------+


+----------------------------------------------------------------------------------------------------------------------------------------------------------------------------------+
; Analysis & Synthesis Resource Utilization by Entity                                                                                                                              ;
+----------------------------+-------------------+--------------+-------------+--------------+---------+-----------+------+--------------+--------------------------+--------------+
; Compilation Hierarchy Node ; LC Combinationals ; LC Registers ; Memory Bits ; DSP Elements ; DSP 9x9 ; DSP 18x18 ; Pins ; Virtual Pins ; Full Hierarchy Name      ; Library Name ;
+----------------------------+-------------------+--------------+-------------+--------------+---------+-----------+------+--------------+--------------------------+--------------+
; |RX                        ; 69 (0)            ; 61 (0)       ; 0           ; 0            ; 0       ; 0         ; 12   ; 0            ; |RX                      ;              ;
;    |Cnt_0:counter_0|       ; 10 (10)           ; 8 (8)        ; 0           ; 0            ; 0       ; 0         ; 0    ; 0            ; |RX|Cnt_0:counter_0      ;              ;
;    |Cnt_c:counter_c|       ; 15 (15)           ; 10 (10)      ; 0           ; 0            ; 0       ; 0         ; 0    ; 0            ; |RX|Cnt_c:counter_c      ;              ;
;    |FSM_RX:CU|             ; 40 (40)           ; 23 (23)      ; 0           ; 0            ; 0       ; 0         ; 0    ; 0            ; |RX|FSM_RX:CU            ;              ;
;    |REG:regA0|             ; 0 (0)             ; 1 (1)        ; 0           ; 0            ; 0       ; 0         ; 0    ; 0            ; |RX|REG:regA0            ;              ;
;    |REG:regA1|             ; 0 (0)             ; 1 (1)        ; 0           ; 0            ; 0       ; 0         ; 0    ; 0            ; |RX|REG:regA1            ;              ;
;    |REG:regA2|             ; 0 (0)             ; 1 (1)        ; 0           ; 0            ; 0       ; 0         ; 0    ; 0            ; |RX|REG:regA2            ;              ;
;    |REG:regVot|            ; 2 (2)             ; 1 (1)        ; 0           ; 0            ; 0       ; 0         ; 0    ; 0            ; |RX|REG:regVot           ;              ;
;    |shift_register:SHC|    ; 0 (0)             ; 8 (8)        ; 0           ; 0            ; 0       ; 0         ; 0    ; 0            ; |RX|shift_register:SHC   ;              ;
;    |shift_register:SHPIN|  ; 0 (0)             ; 8 (8)        ; 0           ; 0            ; 0       ; 0         ; 0    ; 0            ; |RX|shift_register:SHPIN ;              ;
;    |start_g:strt|          ; 2 (2)             ; 0 (0)        ; 0           ; 0            ; 0       ; 0         ; 0    ; 0            ; |RX|start_g:strt         ;              ;
+----------------------------+-------------------+--------------+-------------+--------------+---------+-----------+------+--------------+--------------------------+--------------+
Note: For table entries with two numbers listed, the numbers in parentheses indicate the number of resources of the given type used by the specific entity alone. The numbers listed outside of parentheses indicate the total resources of the given type used by the specific entity and all of its sub-entities in the hierarchy.


Encoding Type:  One-Hot
+----------------------------------------------------------------------------------------------------------------------------------------------------------------------------------------------------------------------------------------------------+
; State Machine - |RX|FSM_RX:CU|PS                                                                                                                                                                                                                   ;
+-------------+------------+------------+-------+---------+----------+----------+-------+----------+-------+----------+-------+----------+-------+----------+-------+----------+-------+----------+-------+----------+-------------+-------+---------+
; Name        ; PS.DONE_ST ; PS.WAIT_ST ; PS.LP ; PS.VOTE ; PS.REG_A ; PS.SH_C7 ; PS.C6 ; PS.SH_C6 ; PS.C5 ; PS.SH_C5 ; PS.C4 ; PS.SH_C4 ; PS.C3 ; PS.SH_C3 ; PS.C2 ; PS.SH_C2 ; PS.C1 ; PS.SH_C1 ; PS.C0 ; PS.SH_C0 ; PS.START_ST ; PS.NC ; PS.SH_X ;
+-------------+------------+------------+-------+---------+----------+----------+-------+----------+-------+----------+-------+----------+-------+----------+-------+----------+-------+----------+-------+----------+-------------+-------+---------+
; PS.SH_X     ; 0          ; 0          ; 0     ; 0       ; 0        ; 0        ; 0     ; 0        ; 0     ; 0        ; 0     ; 0        ; 0     ; 0        ; 0     ; 0        ; 0     ; 0        ; 0     ; 0        ; 0           ; 0     ; 0       ;
; PS.NC       ; 0          ; 0          ; 0     ; 0       ; 0        ; 0        ; 0     ; 0        ; 0     ; 0        ; 0     ; 0        ; 0     ; 0        ; 0     ; 0        ; 0     ; 0        ; 0     ; 0        ; 0           ; 1     ; 1       ;
; PS.START_ST ; 0          ; 0          ; 0     ; 0       ; 0        ; 0        ; 0     ; 0        ; 0     ; 0        ; 0     ; 0        ; 0     ; 0        ; 0     ; 0        ; 0     ; 0        ; 0     ; 0        ; 1           ; 0     ; 1       ;
; PS.SH_C0    ; 0          ; 0          ; 0     ; 0       ; 0        ; 0        ; 0     ; 0        ; 0     ; 0        ; 0     ; 0        ; 0     ; 0        ; 0     ; 0        ; 0     ; 0        ; 0     ; 1        ; 0           ; 0     ; 1       ;
; PS.C0       ; 0          ; 0          ; 0     ; 0       ; 0        ; 0        ; 0     ; 0        ; 0     ; 0        ; 0     ; 0        ; 0     ; 0        ; 0     ; 0        ; 0     ; 0        ; 1     ; 0        ; 0           ; 0     ; 1       ;
; PS.SH_C1    ; 0          ; 0          ; 0     ; 0       ; 0        ; 0        ; 0     ; 0        ; 0     ; 0        ; 0     ; 0        ; 0     ; 0        ; 0     ; 0        ; 0     ; 1        ; 0     ; 0        ; 0           ; 0     ; 1       ;
; PS.C1       ; 0          ; 0          ; 0     ; 0       ; 0        ; 0        ; 0     ; 0        ; 0     ; 0        ; 0     ; 0        ; 0     ; 0        ; 0     ; 0        ; 1     ; 0        ; 0     ; 0        ; 0           ; 0     ; 1       ;
; PS.SH_C2    ; 0          ; 0          ; 0     ; 0       ; 0        ; 0        ; 0     ; 0        ; 0     ; 0        ; 0     ; 0        ; 0     ; 0        ; 0     ; 1        ; 0     ; 0        ; 0     ; 0        ; 0           ; 0     ; 1       ;
; PS.C2       ; 0          ; 0          ; 0     ; 0       ; 0        ; 0        ; 0     ; 0        ; 0     ; 0        ; 0     ; 0        ; 0     ; 0        ; 1     ; 0        ; 0     ; 0        ; 0     ; 0        ; 0           ; 0     ; 1       ;
; PS.SH_C3    ; 0          ; 0          ; 0     ; 0       ; 0        ; 0        ; 0     ; 0        ; 0     ; 0        ; 0     ; 0        ; 0     ; 1        ; 0     ; 0        ; 0     ; 0        ; 0     ; 0        ; 0           ; 0     ; 1       ;
; PS.C3       ; 0          ; 0          ; 0     ; 0       ; 0        ; 0        ; 0     ; 0        ; 0     ; 0        ; 0     ; 0        ; 1     ; 0        ; 0     ; 0        ; 0     ; 0        ; 0     ; 0        ; 0           ; 0     ; 1       ;
; PS.SH_C4    ; 0          ; 0          ; 0     ; 0       ; 0        ; 0        ; 0     ; 0        ; 0     ; 0        ; 0     ; 1        ; 0     ; 0        ; 0     ; 0        ; 0     ; 0        ; 0     ; 0        ; 0           ; 0     ; 1       ;
; PS.C4       ; 0          ; 0          ; 0     ; 0       ; 0        ; 0        ; 0     ; 0        ; 0     ; 0        ; 1     ; 0        ; 0     ; 0        ; 0     ; 0        ; 0     ; 0        ; 0     ; 0        ; 0           ; 0     ; 1       ;
; PS.SH_C5    ; 0          ; 0          ; 0     ; 0       ; 0        ; 0        ; 0     ; 0        ; 0     ; 1        ; 0     ; 0        ; 0     ; 0        ; 0     ; 0        ; 0     ; 0        ; 0     ; 0        ; 0           ; 0     ; 1       ;
; PS.C5       ; 0          ; 0          ; 0     ; 0       ; 0        ; 0        ; 0     ; 0        ; 1     ; 0        ; 0     ; 0        ; 0     ; 0        ; 0     ; 0        ; 0     ; 0        ; 0     ; 0        ; 0           ; 0     ; 1       ;
; PS.SH_C6    ; 0          ; 0          ; 0     ; 0       ; 0        ; 0        ; 0     ; 1        ; 0     ; 0        ; 0     ; 0        ; 0     ; 0        ; 0     ; 0        ; 0     ; 0        ; 0     ; 0        ; 0           ; 0     ; 1       ;
; PS.C6       ; 0          ; 0          ; 0     ; 0       ; 0        ; 0        ; 1     ; 0        ; 0     ; 0        ; 0     ; 0        ; 0     ; 0        ; 0     ; 0        ; 0     ; 0        ; 0     ; 0        ; 0           ; 0     ; 1       ;
; PS.SH_C7    ; 0          ; 0          ; 0     ; 0       ; 0        ; 1        ; 0     ; 0        ; 0     ; 0        ; 0     ; 0        ; 0     ; 0        ; 0     ; 0        ; 0     ; 0        ; 0     ; 0        ; 0           ; 0     ; 1       ;
; PS.REG_A    ; 0          ; 0          ; 0     ; 0       ; 1        ; 0        ; 0     ; 0        ; 0     ; 0        ; 0     ; 0        ; 0     ; 0        ; 0     ; 0        ; 0     ; 0        ; 0     ; 0        ; 0           ; 0     ; 1       ;
; PS.VOTE     ; 0          ; 0          ; 0     ; 1       ; 0        ; 0        ; 0     ; 0        ; 0     ; 0        ; 0     ; 0        ; 0     ; 0        ; 0     ; 0        ; 0     ; 0        ; 0     ; 0        ; 0           ; 0     ; 1       ;
; PS.LP       ; 0          ; 0          ; 1     ; 0       ; 0        ; 0        ; 0     ; 0        ; 0     ; 0        ; 0     ; 0        ; 0     ; 0        ; 0     ; 0        ; 0     ; 0        ; 0     ; 0        ; 0           ; 0     ; 1       ;
; PS.WAIT_ST  ; 0          ; 1          ; 0     ; 0       ; 0        ; 0        ; 0     ; 0        ; 0     ; 0        ; 0     ; 0        ; 0     ; 0        ; 0     ; 0        ; 0     ; 0        ; 0     ; 0        ; 0           ; 0     ; 1       ;
; PS.DONE_ST  ; 1          ; 0          ; 0     ; 0       ; 0        ; 0        ; 0     ; 0        ; 0     ; 0        ; 0     ; 0        ; 0     ; 0        ; 0     ; 0        ; 0     ; 0        ; 0     ; 0        ; 0           ; 0     ; 1       ;
+-------------+------------+------------+-------+---------+----------+----------+-------+----------+-------+----------+-------+----------+-------+----------+-------+----------+-------+----------+-------+----------+-------------+-------+---------+


+----------------------------------------------------------------------------------------------------+
; User-Specified and Inferred Latches                                                                ;
+-----------------------------------------------------+---------------------+------------------------+
; Latch Name                                          ; Latch Enable Signal ; Free of Timing Hazards ;
+-----------------------------------------------------+---------------------+------------------------+
; FSM_RX:CU|NS.LP_738                                 ; FSM_RX:CU|Selector5 ; yes                    ;
; FSM_RX:CU|NS.VOTE_757                               ; FSM_RX:CU|Selector5 ; yes                    ;
; FSM_RX:CU|NS.DONE_ST_700                            ; FSM_RX:CU|Selector5 ; yes                    ;
; FSM_RX:CU|NS.WAIT_ST_719                            ; FSM_RX:CU|Selector5 ; yes                    ;
; FSM_RX:CU|NS.C6_814                                 ; FSM_RX:CU|Selector5 ; yes                    ;
; FSM_RX:CU|NS.C5_852                                 ; FSM_RX:CU|Selector5 ; yes                    ;
; FSM_RX:CU|NS.C4_890                                 ; FSM_RX:CU|Selector5 ; yes                    ;
; FSM_RX:CU|NS.C3_928                                 ; FSM_RX:CU|Selector5 ; yes                    ;
; FSM_RX:CU|NS.C2_966                                 ; FSM_RX:CU|Selector5 ; yes                    ;
; FSM_RX:CU|NS.C1_1004                                ; FSM_RX:CU|Selector5 ; yes                    ;
; FSM_RX:CU|NS.C0_1042                                ; FSM_RX:CU|Selector5 ; yes                    ;
; FSM_RX:CU|NS.START_ST_1080                          ; FSM_RX:CU|Selector5 ; yes                    ;
; FSM_RX:CU|NS.NC_1099                                ; FSM_RX:CU|Selector5 ; yes                    ;
; FSM_RX:CU|NS.REG_A_776                              ; FSM_RX:CU|Selector5 ; yes                    ;
; FSM_RX:CU|NS.SH_X_1118                              ; FSM_RX:CU|Selector5 ; yes                    ;
; FSM_RX:CU|NS.SH_C0_1061                             ; FSM_RX:CU|Selector5 ; yes                    ;
; FSM_RX:CU|NS.SH_C1_1023                             ; FSM_RX:CU|Selector5 ; yes                    ;
; FSM_RX:CU|NS.SH_C2_985                              ; FSM_RX:CU|Selector5 ; yes                    ;
; FSM_RX:CU|NS.SH_C3_947                              ; FSM_RX:CU|Selector5 ; yes                    ;
; FSM_RX:CU|NS.SH_C4_909                              ; FSM_RX:CU|Selector5 ; yes                    ;
; FSM_RX:CU|NS.SH_C5_871                              ; FSM_RX:CU|Selector5 ; yes                    ;
; FSM_RX:CU|NS.SH_C6_833                              ; FSM_RX:CU|Selector5 ; yes                    ;
; FSM_RX:CU|NS.SH_C7_795                              ; FSM_RX:CU|Selector5 ; yes                    ;
; Number of user-specified and inferred latches = 23  ;                     ;                        ;
+-----------------------------------------------------+---------------------+------------------------+
Note: All latches listed above may not be present at the end of synthesis due to various synthesis optimizations.


+------------------------------------------------------+
; General Register Statistics                          ;
+----------------------------------------------+-------+
; Statistic                                    ; Value ;
+----------------------------------------------+-------+
; Total registers                              ; 61    ;
; Number of registers using Synchronous Clear  ; 0     ;
; Number of registers using Synchronous Load   ; 0     ;
; Number of registers using Asynchronous Clear ; 18    ;
; Number of registers using Asynchronous Load  ; 0     ;
; Number of registers using Clock Enable       ; 32    ;
; Number of registers using Preset             ; 0     ;
+----------------------------------------------+-------+


+-------------------------------+
; Elapsed Time Per Partition    ;
+----------------+--------------+
; Partition Name ; Elapsed Time ;
+----------------+--------------+
; Top            ; 00:00:00     ;
+----------------+--------------+


+-------------------------------+
; Analysis & Synthesis Messages ;
+-------------------------------+
Info: *******************************************************************
Info: Running Quartus II Analysis & Synthesis
    Info: Version 11.0 Build 208 07/03/2011 Service Pack 1 SJ Web Edition
    Info: Processing started: Mon Dec 07 12:49:41 2020
Info: Command: quartus_map --read_settings_files=on --write_settings_files=off FSM_RX -c FSM_RX
Warning: Parallel compilation is not licensed and has been disabled
Info: Found 2 design units, including 1 entities, in source file shift_register.vhd
    Info: Found design unit 1: shift_register-behav
    Info: Found entity 1: shift_register
Info: Found 2 design units, including 1 entities, in source file voter.vhd
    Info: Found design unit 1: VOTER-behav
    Info: Found entity 1: VOTER
Info: Found 2 design units, including 1 entities, in source file reg.vhd
    Info: Found design unit 1: REG-behav
    Info: Found entity 1: REG
Info: Found 2 design units, including 1 entities, in source file fsm_rx.vhd
    Info: Found design unit 1: FSM_RX-behav
    Info: Found entity 1: FSM_RX
Info: Found 2 design units, including 1 entities, in source file start_g.vhd
    Info: Found design unit 1: start_g-behav
    Info: Found entity 1: start_g
Info: Found 2 design units, including 1 entities, in source file cnt_c.vhd
    Info: Found design unit 1: Cnt_c-behav
    Info: Found entity 1: Cnt_c
Info: Found 2 design units, including 1 entities, in source file cnt_0.vhd
    Info: Found design unit 1: Cnt_0-behav
    Info: Found entity 1: Cnt_0
Info: Found 2 design units, including 1 entities, in source file rx.vhd
    Info: Found design unit 1: RX-behav
    Info: Found entity 1: RX
Info: Elaborating entity "RX" for the top level hierarchy
Info: Elaborating entity "FSM_RX" for hierarchy "FSM_RX:CU"
Warning (10492): VHDL Process Statement warning at FSM_RX.vhd(23): signal "start" is read inside the Process Statement but isn't in the Process Statement's sensitivity list
Warning (10492): VHDL Process Statement warning at FSM_RX.vhd(25): signal "start" is read inside the Process Statement but isn't in the Process Statement's sensitivity list
Warning (10492): VHDL Process Statement warning at FSM_RX.vhd(27): signal "tc1" is read inside the Process Statement but isn't in the Process Statement's sensitivity list
Warning (10492): VHDL Process Statement warning at FSM_RX.vhd(29): signal "tc2" is read inside the Process Statement but isn't in the Process Statement's sensitivity list
Warning (10492): VHDL Process Statement warning at FSM_RX.vhd(39): signal "tc1" is read inside the Process Statement but isn't in the Process Statement's sensitivity list
Warning (10492): VHDL Process Statement warning at FSM_RX.vhd(41): signal "tc1" is read inside the Process Statement but isn't in the Process Statement's sensitivity list
Warning (10492): VHDL Process Statement warning at FSM_RX.vhd(43): signal "tc1" is read inside the Process Statement but isn't in the Process Statement's sensitivity list
Warning (10492): VHDL Process Statement warning at FSM_RX.vhd(45): signal "tc1" is read inside the Process Statement but isn't in the Process Statement's sensitivity list
Warning (10492): VHDL Process Statement warning at FSM_RX.vhd(47): signal "tc1" is read inside the Process Statement but isn't in the Process Statement's sensitivity list
Warning (10492): VHDL Process Statement warning at FSM_RX.vhd(49): signal "tc1" is read inside the Process Statement but isn't in the Process Statement's sensitivity list
Warning (10492): VHDL Process Statement warning at FSM_RX.vhd(51): signal "tc1" is read inside the Process Statement but isn't in the Process Statement's sensitivity list
Warning (10492): VHDL Process Statement warning at FSM_RX.vhd(55): signal "tc0" is read inside the Process Statement but isn't in the Process Statement's sensitivity list
Warning (10492): VHDL Process Statement warning at FSM_RX.vhd(57): signal "tc0" is read inside the Process Statement but isn't in the Process Statement's sensitivity list
Warning (10492): VHDL Process Statement warning at FSM_RX.vhd(59): signal "tc3" is read inside the Process Statement but isn't in the Process Statement's sensitivity list
Warning (10492): VHDL Process Statement warning at FSM_RX.vhd(61): signal "rx_en" is read inside the Process Statement but isn't in the Process Statement's sensitivity list
Warning (10631): VHDL Process Statement warning at FSM_RX.vhd(19): inferring latch(es) for signal or variable "NS", which holds its previous value in one or more paths through the process
Warning (10631): VHDL Process Statement warning at FSM_RX.vhd(76): inferring latch(es) for signal or variable "DONE", which holds its previous value in one or more paths through the process
Info (10041): Inferred latch for "DONE" at FSM_RX.vhd(76)
Info (10041): Inferred latch for "NS.DONE_ST" at FSM_RX.vhd(19)
Info (10041): Inferred latch for "NS.WAIT_ST" at FSM_RX.vhd(19)
Info (10041): Inferred latch for "NS.LP" at FSM_RX.vhd(19)
Info (10041): Inferred latch for "NS.VOTE" at FSM_RX.vhd(19)
Info (10041): Inferred latch for "NS.REG_A" at FSM_RX.vhd(19)
Info (10041): Inferred latch for "NS.SH_C7" at FSM_RX.vhd(19)
Info (10041): Inferred latch for "NS.C6" at FSM_RX.vhd(19)
Info (10041): Inferred latch for "NS.SH_C6" at FSM_RX.vhd(19)
Info (10041): Inferred latch for "NS.C5" at FSM_RX.vhd(19)
Info (10041): Inferred latch for "NS.SH_C5" at FSM_RX.vhd(19)
Info (10041): Inferred latch for "NS.C4" at FSM_RX.vhd(19)
Info (10041): Inferred latch for "NS.SH_C4" at FSM_RX.vhd(19)
Info (10041): Inferred latch for "NS.C3" at FSM_RX.vhd(19)
Info (10041): Inferred latch for "NS.SH_C3" at FSM_RX.vhd(19)
Info (10041): Inferred latch for "NS.C2" at FSM_RX.vhd(19)
Info (10041): Inferred latch for "NS.SH_C2" at FSM_RX.vhd(19)
Info (10041): Inferred latch for "NS.C1" at FSM_RX.vhd(19)
Info (10041): Inferred latch for "NS.SH_C1" at FSM_RX.vhd(19)
Info (10041): Inferred latch for "NS.C0" at FSM_RX.vhd(19)
Info (10041): Inferred latch for "NS.SH_C0" at FSM_RX.vhd(19)
Info (10041): Inferred latch for "NS.START_ST" at FSM_RX.vhd(19)
Info (10041): Inferred latch for "NS.NC" at FSM_RX.vhd(19)
Info (10041): Inferred latch for "NS.SH_X" at FSM_RX.vhd(19)
Info: Elaborating entity "shift_register" for hierarchy "shift_register:SHC"
Info: Elaborating entity "start_g" for hierarchy "start_g:strt"
Info: Elaborating entity "REG" for hierarchy "REG:regA0"
Info: Elaborating entity "VOTER" for hierarchy "VOTER:vot"
Info: Elaborating entity "Cnt_c" for hierarchy "Cnt_c:counter_c"
Info: Elaborating entity "Cnt_0" for hierarchy "Cnt_0:counter_0"
Warning: Latch FSM_RX:CU|NS.SH_X_1118 has unsafe behavior
    Warning: Ports D and ENA on the latch are fed by the same signal FSM_RX:CU|PS.NC
Warning: Latch FSM_RX:CU|NS.SH_C0_1061 has unsafe behavior
    Warning: Ports D and ENA on the latch are fed by the same signal FSM_RX:CU|PS.START_ST
Warning: Latch FSM_RX:CU|NS.SH_C1_1023 has unsafe behavior
    Warning: Ports D and ENA on the latch are fed by the same signal FSM_RX:CU|PS.C0
Warning: Latch FSM_RX:CU|NS.SH_C2_985 has unsafe behavior
    Warning: Ports D and ENA on the latch are fed by the same signal FSM_RX:CU|PS.C1
Warning: Latch FSM_RX:CU|NS.SH_C3_947 has unsafe behavior
    Warning: Ports D and ENA on the latch are fed by the same signal FSM_RX:CU|PS.C2
Warning: Latch FSM_RX:CU|NS.SH_C4_909 has unsafe behavior
    Warning: Ports D and ENA on the latch are fed by the same signal FSM_RX:CU|PS.C3
Warning: Latch FSM_RX:CU|NS.SH_C5_871 has unsafe behavior
    Warning: Ports D and ENA on the latch are fed by the same signal FSM_RX:CU|PS.C4
Warning: Latch FSM_RX:CU|NS.SH_C6_833 has unsafe behavior
    Warning: Ports D and ENA on the latch are fed by the same signal FSM_RX:CU|PS.C5
Warning: Latch FSM_RX:CU|NS.SH_C7_795 has unsafe behavior
    Warning: Ports D and ENA on the latch are fed by the same signal FSM_RX:CU|PS.C6
Warning: Output pins are stuck at VCC or GND
    Warning (13410): Pin "DONE" is stuck at VCC
Info: Generating hard_block partition "hard_block:auto_generated_inst"
Info: Implemented 122 device resources after synthesis - the final resource count might be different
    Info: Implemented 3 input pins
    Info: Implemented 9 output pins
    Info: Implemented 110 logic cells
Info: Quartus II Analysis & Synthesis was successful. 0 errors, 38 warnings
    Info: Peak virtual memory: 305 megabytes
    Info: Processing ended: Mon Dec 07 12:49:46 2020
    Info: Elapsed time: 00:00:05
    Info: Total CPU time (on all processors): 00:00:04


