Analysis & Elaboration report for finale
Thu Dec 17 11:38:14 2020
Quartus Prime Version 20.1.1 Build 720 11/11/2020 SJ Lite Edition


---------------------
; Table of Contents ;
---------------------
  1. Legal Notice
  2. Analysis & Elaboration Summary
  3. Parallel Compilation
  4. Analysis & Elaboration Settings
  5. Analysis & Elaboration Messages



----------------
; Legal Notice ;
----------------
Copyright (C) 2020  Intel Corporation. All rights reserved.
Your use of Intel Corporation's design tools, logic functions 
and other software and tools, and any partner logic 
functions, and any output files from any of the foregoing 
(including device programming or simulation files), and any 
associated documentation or information are expressly subject 
to the terms and conditions of the Intel Program License 
Subscription Agreement, the Intel Quartus Prime License Agreement,
the Intel FPGA IP License Agreement, or other applicable license
agreement, including, without limitation, that your use is for
the sole purpose of programming logic devices manufactured by
Intel and sold by Intel or its authorized distributors.  Please
refer to the applicable agreement for further details, at
https://fpgasoftware.intel.com/eula.



+-----------------------------------------------------------------------------+
; Analysis & Elaboration Summary                                              ;
+-------------------------------+---------------------------------------------+
; Analysis & Elaboration Status ; Successful - Thu Dec 17 11:38:14 2020       ;
; Quartus Prime Version         ; 20.1.1 Build 720 11/11/2020 SJ Lite Edition ;
; Revision Name                 ; finale                                      ;
; Top-level Entity Name         ; UART                                        ;
; Family                        ; Cyclone V                                   ;
; Logic utilization (in ALMs)   ; N/A until Partition Merge                   ;
; Total registers               ; N/A until Partition Merge                   ;
; Total pins                    ; N/A until Partition Merge                   ;
; Total virtual pins            ; N/A until Partition Merge                   ;
; Total block memory bits       ; N/A until Partition Merge                   ;
; Total PLLs                    ; N/A until Partition Merge                   ;
; Total DLLs                    ; N/A until Partition Merge                   ;
+-------------------------------+---------------------------------------------+


+------------------------------------------+
; Parallel Compilation                     ;
+----------------------------+-------------+
; Processors                 ; Number      ;
+----------------------------+-------------+
; Number detected on machine ; 8           ;
; Maximum allowed            ; 4           ;
;                            ;             ;
; Average used               ; 1.00        ;
; Maximum used               ; 1           ;
;                            ;             ;
; Usage by Processor         ; % Time Used ;
;     Processor 1            ; 100.0%      ;
+----------------------------+-------------+


+---------------------------------------------------------------------------------------------------------------------------+
; Analysis & Elaboration Settings                                                                                           ;
+---------------------------------------------------------------------------------+--------------------+--------------------+
; Option                                                                          ; Setting            ; Default Value      ;
+---------------------------------------------------------------------------------+--------------------+--------------------+
; Device                                                                          ; 5CGXFC7C7F23C8     ;                    ;
; Top-level entity name                                                           ; UART               ; finale             ;
; Family name                                                                     ; Cyclone V          ; Cyclone V          ;
; Use smart compilation                                                           ; Off                ; Off                ;
; Enable parallel Assembler and Timing Analyzer during compilation                ; On                 ; On                 ;
; Enable compact report table                                                     ; Off                ; Off                ;
; Restructure Multiplexers                                                        ; Auto               ; Auto               ;
; MLAB Add Timing Constraints For Mixed-Port Feed-Through Mode Setting Don't Care ; Off                ; Off                ;
; Create Debugging Nodes for IP Cores                                             ; Off                ; Off                ;
; Preserve fewer node names                                                       ; On                 ; On                 ;
; Intel FPGA IP Evaluation Mode                                                   ; Enable             ; Enable             ;
; Verilog Version                                                                 ; Verilog_2001       ; Verilog_2001       ;
; VHDL Version                                                                    ; VHDL_1993          ; VHDL_1993          ;
; State Machine Processing                                                        ; Auto               ; Auto               ;
; Safe State Machine                                                              ; Off                ; Off                ;
; Extract Verilog State Machines                                                  ; On                 ; On                 ;
; Extract VHDL State Machines                                                     ; On                 ; On                 ;
; Ignore Verilog initial constructs                                               ; Off                ; Off                ;
; Iteration limit for constant Verilog loops                                      ; 5000               ; 5000               ;
; Iteration limit for non-constant Verilog loops                                  ; 250                ; 250                ;
; Add Pass-Through Logic to Inferred RAMs                                         ; On                 ; On                 ;
; Infer RAMs from Raw Logic                                                       ; On                 ; On                 ;
; Parallel Synthesis                                                              ; On                 ; On                 ;
; DSP Block Balancing                                                             ; Auto               ; Auto               ;
; NOT Gate Push-Back                                                              ; On                 ; On                 ;
; Power-Up Don't Care                                                             ; On                 ; On                 ;
; Remove Redundant Logic Cells                                                    ; Off                ; Off                ;
; Remove Duplicate Registers                                                      ; On                 ; On                 ;
; Ignore CARRY Buffers                                                            ; Off                ; Off                ;
; Ignore CASCADE Buffers                                                          ; Off                ; Off                ;
; Ignore GLOBAL Buffers                                                           ; Off                ; Off                ;
; Ignore ROW GLOBAL Buffers                                                       ; Off                ; Off                ;
; Ignore LCELL Buffers                                                            ; Off                ; Off                ;
; Ignore SOFT Buffers                                                             ; On                 ; On                 ;
; Limit AHDL Integers to 32 Bits                                                  ; Off                ; Off                ;
; Optimization Technique                                                          ; Balanced           ; Balanced           ;
; Carry Chain Length                                                              ; 70                 ; 70                 ;
; Auto Carry Chains                                                               ; On                 ; On                 ;
; Auto Open-Drain Pins                                                            ; On                 ; On                 ;
; Perform WYSIWYG Primitive Resynthesis                                           ; Off                ; Off                ;
; Auto ROM Replacement                                                            ; On                 ; On                 ;
; Auto RAM Replacement                                                            ; On                 ; On                 ;
; Auto DSP Block Replacement                                                      ; On                 ; On                 ;
; Auto Shift Register Replacement                                                 ; Auto               ; Auto               ;
; Allow Shift Register Merging across Hierarchies                                 ; Auto               ; Auto               ;
; Auto Clock Enable Replacement                                                   ; On                 ; On                 ;
; Strict RAM Replacement                                                          ; Off                ; Off                ;
; Allow Synchronous Control Signals                                               ; On                 ; On                 ;
; Force Use of Synchronous Clear Signals                                          ; Off                ; Off                ;
; Auto Resource Sharing                                                           ; Off                ; Off                ;
; Allow Any RAM Size For Recognition                                              ; Off                ; Off                ;
; Allow Any ROM Size For Recognition                                              ; Off                ; Off                ;
; Allow Any Shift Register Size For Recognition                                   ; Off                ; Off                ;
; Use LogicLock Constraints during Resource Balancing                             ; On                 ; On                 ;
; Ignore translate_off and synthesis_off directives                               ; Off                ; Off                ;
; Timing-Driven Synthesis                                                         ; On                 ; On                 ;
; Report Parameter Settings                                                       ; On                 ; On                 ;
; Report Source Assignments                                                       ; On                 ; On                 ;
; Report Connectivity Checks                                                      ; On                 ; On                 ;
; Ignore Maximum Fan-Out Assignments                                              ; Off                ; Off                ;
; Synchronization Register Chain Length                                           ; 3                  ; 3                  ;
; Power Optimization During Synthesis                                             ; Normal compilation ; Normal compilation ;
; HDL message level                                                               ; Level2             ; Level2             ;
; Suppress Register Optimization Related Messages                                 ; Off                ; Off                ;
; Number of Removed Registers Reported in Synthesis Report                        ; 5000               ; 5000               ;
; Number of Swept Nodes Reported in Synthesis Report                              ; 5000               ; 5000               ;
; Number of Inverted Registers Reported in Synthesis Report                       ; 100                ; 100                ;
; Clock MUX Protection                                                            ; On                 ; On                 ;
; Auto Gated Clock Conversion                                                     ; Off                ; Off                ;
; Block Design Naming                                                             ; Auto               ; Auto               ;
; SDC constraint protection                                                       ; Off                ; Off                ;
; Synthesis Effort                                                                ; Auto               ; Auto               ;
; Shift Register Replacement - Allow Asynchronous Clear Signal                    ; On                 ; On                 ;
; Pre-Mapping Resynthesis Optimization                                            ; Off                ; Off                ;
; Analysis & Synthesis Message Level                                              ; Medium             ; Medium             ;
; Disable Register Merging Across Hierarchies                                     ; Auto               ; Auto               ;
; Resource Aware Inference For Block RAM                                          ; On                 ; On                 ;
; Automatic Parallel Synthesis                                                    ; On                 ; On                 ;
; Partial Reconfiguration Bitstream ID                                            ; Off                ; Off                ;
+---------------------------------------------------------------------------------+--------------------+--------------------+


+---------------------------------+
; Analysis & Elaboration Messages ;
+---------------------------------+
Info: *******************************************************************
Info: Running Quartus Prime Analysis & Elaboration
    Info: Version 20.1.1 Build 720 11/11/2020 SJ Lite Edition
    Info: Processing started: Thu Dec 17 11:37:58 2020
Info: Command: quartus_map --read_settings_files=on --write_settings_files=off finale -c finale --analysis_and_elaboration
Warning (18236): Number of processors has not been specified which may cause overloading on shared machines.  Set the global assignment NUM_PARALLEL_PROCESSORS in your QSF to an appropriate value for best performance.
Info (20030): Parallel compilation is enabled and will use 4 of the 4 processors detected
Info (12021): Found 2 design units, including 1 entities, in source file /users/stefa/onedrive/desktop/magistrale/sistemi digitali integrati/progetto ruo roch/vhdl/uart/uart_tb.vhd
    Info (12022): Found design unit 1: UART_tb-behav File: C:/Users/stefa/OneDrive/Desktop/MAGISTRALE/Sistemi digitali integrati/PROGETTO RUO ROCH/VHDL/UART/UART_tb.vhd Line: 9
    Info (12023): Found entity 1: UART_tb File: C:/Users/stefa/OneDrive/Desktop/MAGISTRALE/Sistemi digitali integrati/PROGETTO RUO ROCH/VHDL/UART/UART_tb.vhd Line: 6
Info (12021): Found 2 design units, including 1 entities, in source file /users/stefa/onedrive/desktop/magistrale/sistemi digitali integrati/progetto ruo roch/vhdl/uart/uart.vhd
    Info (12022): Found design unit 1: UART-behav File: C:/Users/stefa/OneDrive/Desktop/MAGISTRALE/Sistemi digitali integrati/PROGETTO RUO ROCH/VHDL/UART/UART.vhd Line: 13
    Info (12023): Found entity 1: UART File: C:/Users/stefa/OneDrive/Desktop/MAGISTRALE/Sistemi digitali integrati/PROGETTO RUO ROCH/VHDL/UART/UART.vhd Line: 5
Info (12021): Found 2 design units, including 1 entities, in source file /users/stefa/onedrive/desktop/magistrale/sistemi digitali integrati/progetto ruo roch/vhdl/tx/tx_tb.vhd
    Info (12022): Found design unit 1: tx_TB-behav File: C:/Users/stefa/OneDrive/Desktop/MAGISTRALE/Sistemi digitali integrati/PROGETTO RUO ROCH/VHDL/TX/tx_TB.vhd Line: 9
    Info (12023): Found entity 1: tx_TB File: C:/Users/stefa/OneDrive/Desktop/MAGISTRALE/Sistemi digitali integrati/PROGETTO RUO ROCH/VHDL/TX/tx_TB.vhd Line: 6
Info (12021): Found 2 design units, including 1 entities, in source file /users/stefa/onedrive/desktop/magistrale/sistemi digitali integrati/progetto ruo roch/vhdl/tx/tx.vhd
    Info (12022): Found design unit 1: tx-behav File: C:/Users/stefa/OneDrive/Desktop/MAGISTRALE/Sistemi digitali integrati/PROGETTO RUO ROCH/VHDL/TX/tx.vhd Line: 11
    Info (12023): Found entity 1: tx File: C:/Users/stefa/OneDrive/Desktop/MAGISTRALE/Sistemi digitali integrati/PROGETTO RUO ROCH/VHDL/TX/tx.vhd Line: 5
Info (12021): Found 2 design units, including 1 entities, in source file /users/stefa/onedrive/desktop/magistrale/sistemi digitali integrati/progetto ruo roch/vhdl/tx/shift_register_tx.vhd
    Info (12022): Found design unit 1: shift_register_tx-behav File: C:/Users/stefa/OneDrive/Desktop/MAGISTRALE/Sistemi digitali integrati/PROGETTO RUO ROCH/VHDL/TX/shift_register_tx.vhd Line: 13
    Info (12023): Found entity 1: shift_register_tx File: C:/Users/stefa/OneDrive/Desktop/MAGISTRALE/Sistemi digitali integrati/PROGETTO RUO ROCH/VHDL/TX/shift_register_tx.vhd Line: 5
Info (12021): Found 2 design units, including 1 entities, in source file /users/stefa/onedrive/desktop/magistrale/sistemi digitali integrati/progetto ruo roch/vhdl/tx/fsm_tx.vhd
    Info (12022): Found design unit 1: FSM_tx-behav File: C:/Users/stefa/OneDrive/Desktop/MAGISTRALE/Sistemi digitali integrati/PROGETTO RUO ROCH/VHDL/TX/FSM_tx.vhd Line: 11
    Info (12023): Found entity 1: FSM_tx File: C:/Users/stefa/OneDrive/Desktop/MAGISTRALE/Sistemi digitali integrati/PROGETTO RUO ROCH/VHDL/TX/FSM_tx.vhd Line: 5
Info (12021): Found 2 design units, including 1 entities, in source file /users/stefa/onedrive/desktop/magistrale/sistemi digitali integrati/progetto ruo roch/vhdl/tx/flipflop.vhd
    Info (12022): Found design unit 1: FlipFlop-behav File: C:/Users/stefa/OneDrive/Desktop/MAGISTRALE/Sistemi digitali integrati/PROGETTO RUO ROCH/VHDL/TX/FlipFlop.vhd Line: 11
    Info (12023): Found entity 1: FlipFlop File: C:/Users/stefa/OneDrive/Desktop/MAGISTRALE/Sistemi digitali integrati/PROGETTO RUO ROCH/VHDL/TX/FlipFlop.vhd Line: 5
Info (12021): Found 2 design units, including 1 entities, in source file /users/stefa/onedrive/desktop/magistrale/sistemi digitali integrati/progetto ruo roch/vhdl/tx/counter_tx.vhd
    Info (12022): Found design unit 1: Counter_tx-behav File: C:/Users/stefa/OneDrive/Desktop/MAGISTRALE/Sistemi digitali integrati/PROGETTO RUO ROCH/VHDL/TX/Counter_tx.vhd Line: 11
    Info (12023): Found entity 1: Counter_tx File: C:/Users/stefa/OneDrive/Desktop/MAGISTRALE/Sistemi digitali integrati/PROGETTO RUO ROCH/VHDL/TX/Counter_tx.vhd Line: 5
Info (12021): Found 2 design units, including 1 entities, in source file /users/stefa/onedrive/desktop/magistrale/sistemi digitali integrati/progetto ruo roch/vhdl/rx/voter.vhd
    Info (12022): Found design unit 1: VOTER-behav File: C:/Users/stefa/OneDrive/Desktop/MAGISTRALE/Sistemi digitali integrati/PROGETTO RUO ROCH/VHDL/RX/VOTER.vhd Line: 10
    Info (12023): Found entity 1: VOTER File: C:/Users/stefa/OneDrive/Desktop/MAGISTRALE/Sistemi digitali integrati/PROGETTO RUO ROCH/VHDL/RX/VOTER.vhd Line: 5
Info (12021): Found 2 design units, including 1 entities, in source file /users/stefa/onedrive/desktop/magistrale/sistemi digitali integrati/progetto ruo roch/vhdl/rx/start_g.vhd
    Info (12022): Found design unit 1: start_g-behav File: C:/Users/stefa/OneDrive/Desktop/MAGISTRALE/Sistemi digitali integrati/PROGETTO RUO ROCH/VHDL/RX/start_g.vhd Line: 11
    Info (12023): Found entity 1: start_g File: C:/Users/stefa/OneDrive/Desktop/MAGISTRALE/Sistemi digitali integrati/PROGETTO RUO ROCH/VHDL/RX/start_g.vhd Line: 5
Info (12021): Found 2 design units, including 1 entities, in source file /users/stefa/onedrive/desktop/magistrale/sistemi digitali integrati/progetto ruo roch/vhdl/rx/shift_register.vhd
    Info (12022): Found design unit 1: shift_register-behav File: C:/Users/stefa/OneDrive/Desktop/MAGISTRALE/Sistemi digitali integrati/PROGETTO RUO ROCH/VHDL/RX/SHIFT_REGISTER.vhd Line: 10
    Info (12023): Found entity 1: shift_register File: C:/Users/stefa/OneDrive/Desktop/MAGISTRALE/Sistemi digitali integrati/PROGETTO RUO ROCH/VHDL/RX/SHIFT_REGISTER.vhd Line: 5
Info (12021): Found 2 design units, including 1 entities, in source file /users/stefa/onedrive/desktop/magistrale/sistemi digitali integrati/progetto ruo roch/vhdl/rx/rx.vhd
    Info (12022): Found design unit 1: RX-behav File: C:/Users/stefa/OneDrive/Desktop/MAGISTRALE/Sistemi digitali integrati/PROGETTO RUO ROCH/VHDL/RX/RX.vhd Line: 11
    Info (12023): Found entity 1: RX File: C:/Users/stefa/OneDrive/Desktop/MAGISTRALE/Sistemi digitali integrati/PROGETTO RUO ROCH/VHDL/RX/RX.vhd Line: 5
Info (12021): Found 2 design units, including 1 entities, in source file /users/stefa/onedrive/desktop/magistrale/sistemi digitali integrati/progetto ruo roch/vhdl/rx/reg.vhd
    Info (12022): Found design unit 1: REG-behav File: C:/Users/stefa/OneDrive/Desktop/MAGISTRALE/Sistemi digitali integrati/PROGETTO RUO ROCH/VHDL/RX/REG.vhd Line: 12
    Info (12023): Found entity 1: REG File: C:/Users/stefa/OneDrive/Desktop/MAGISTRALE/Sistemi digitali integrati/PROGETTO RUO ROCH/VHDL/RX/REG.vhd Line: 5
Info (12021): Found 2 design units, including 1 entities, in source file /users/stefa/onedrive/desktop/magistrale/sistemi digitali integrati/progetto ruo roch/vhdl/rx/fsm_rx.vhd
    Info (12022): Found design unit 1: FSM_RX-behav File: C:/Users/stefa/OneDrive/Desktop/MAGISTRALE/Sistemi digitali integrati/PROGETTO RUO ROCH/VHDL/RX/FSM_RX.vhd Line: 12
    Info (12023): Found entity 1: FSM_RX File: C:/Users/stefa/OneDrive/Desktop/MAGISTRALE/Sistemi digitali integrati/PROGETTO RUO ROCH/VHDL/RX/FSM_RX.vhd Line: 5
Info (12021): Found 2 design units, including 1 entities, in source file /users/stefa/onedrive/desktop/magistrale/sistemi digitali integrati/progetto ruo roch/vhdl/rx/cnt_c.vhd
    Info (12022): Found design unit 1: Cnt_c-behav File: C:/Users/stefa/OneDrive/Desktop/MAGISTRALE/Sistemi digitali integrati/PROGETTO RUO ROCH/VHDL/RX/Cnt_c.vhd Line: 11
    Info (12023): Found entity 1: Cnt_c File: C:/Users/stefa/OneDrive/Desktop/MAGISTRALE/Sistemi digitali integrati/PROGETTO RUO ROCH/VHDL/RX/Cnt_c.vhd Line: 5
Info (12021): Found 2 design units, including 1 entities, in source file /users/stefa/onedrive/desktop/magistrale/sistemi digitali integrati/progetto ruo roch/vhdl/rx/cnt_0.vhd
    Info (12022): Found design unit 1: Cnt_0-behav File: C:/Users/stefa/OneDrive/Desktop/MAGISTRALE/Sistemi digitali integrati/PROGETTO RUO ROCH/VHDL/RX/Cnt_0.vhd Line: 10
    Info (12023): Found entity 1: Cnt_0 File: C:/Users/stefa/OneDrive/Desktop/MAGISTRALE/Sistemi digitali integrati/PROGETTO RUO ROCH/VHDL/RX/Cnt_0.vhd Line: 5
Info (12021): Found 2 design units, including 1 entities, in source file /users/stefa/onedrive/desktop/magistrale/sistemi digitali integrati/progetto ruo roch/vhdl/bus/reg_tx.vhd
    Info (12022): Found design unit 1: REG_TX-behav File: C:/Users/stefa/OneDrive/Desktop/MAGISTRALE/Sistemi digitali integrati/PROGETTO RUO ROCH/VHDL/BUS/REG_TX.vhd Line: 13
    Info (12023): Found entity 1: REG_TX File: C:/Users/stefa/OneDrive/Desktop/MAGISTRALE/Sistemi digitali integrati/PROGETTO RUO ROCH/VHDL/BUS/REG_TX.vhd Line: 5
Info (12021): Found 2 design units, including 1 entities, in source file /users/stefa/onedrive/desktop/magistrale/sistemi digitali integrati/progetto ruo roch/vhdl/bus/reg_status.vhd
    Info (12022): Found design unit 1: REG_STATUS-behav File: C:/Users/stefa/OneDrive/Desktop/MAGISTRALE/Sistemi digitali integrati/PROGETTO RUO ROCH/VHDL/BUS/REG_STATUS.vhd Line: 12
    Info (12023): Found entity 1: REG_STATUS File: C:/Users/stefa/OneDrive/Desktop/MAGISTRALE/Sistemi digitali integrati/PROGETTO RUO ROCH/VHDL/BUS/REG_STATUS.vhd Line: 5
Info (12021): Found 2 design units, including 1 entities, in source file /users/stefa/onedrive/desktop/magistrale/sistemi digitali integrati/progetto ruo roch/vhdl/bus/reg_rx.vhd
    Info (12022): Found design unit 1: REG_RX-behav File: C:/Users/stefa/OneDrive/Desktop/MAGISTRALE/Sistemi digitali integrati/PROGETTO RUO ROCH/VHDL/BUS/REG_RX.vhd Line: 13
    Info (12023): Found entity 1: REG_RX File: C:/Users/stefa/OneDrive/Desktop/MAGISTRALE/Sistemi digitali integrati/PROGETTO RUO ROCH/VHDL/BUS/REG_RX.vhd Line: 5
Info (12021): Found 2 design units, including 1 entities, in source file /users/stefa/onedrive/desktop/magistrale/sistemi digitali integrati/progetto ruo roch/vhdl/bus/reg_gate.vhd
    Info (12022): Found design unit 1: reg_gate-behav File: C:/Users/stefa/OneDrive/Desktop/MAGISTRALE/Sistemi digitali integrati/PROGETTO RUO ROCH/VHDL/BUS/REG_GATE.vhd Line: 11
    Info (12023): Found entity 1: REG_GATE File: C:/Users/stefa/OneDrive/Desktop/MAGISTRALE/Sistemi digitali integrati/PROGETTO RUO ROCH/VHDL/BUS/REG_GATE.vhd Line: 5
Info (12021): Found 2 design units, including 1 entities, in source file /users/stefa/onedrive/desktop/magistrale/sistemi digitali integrati/progetto ruo roch/vhdl/bus/reg_control.vhd
    Info (12022): Found design unit 1: REG_CONTROL-behav File: C:/Users/stefa/OneDrive/Desktop/MAGISTRALE/Sistemi digitali integrati/PROGETTO RUO ROCH/VHDL/BUS/REG_CONTROL.vhd Line: 12
    Info (12023): Found entity 1: REG_CONTROL File: C:/Users/stefa/OneDrive/Desktop/MAGISTRALE/Sistemi digitali integrati/PROGETTO RUO ROCH/VHDL/BUS/REG_CONTROL.vhd Line: 5
Info (12021): Found 2 design units, including 1 entities, in source file /users/stefa/onedrive/desktop/magistrale/sistemi digitali integrati/progetto ruo roch/vhdl/bus/mux_out.vhd
    Info (12022): Found design unit 1: MUX_OUT-behav File: C:/Users/stefa/OneDrive/Desktop/MAGISTRALE/Sistemi digitali integrati/PROGETTO RUO ROCH/VHDL/BUS/MUX_OUT.vhd Line: 12
    Info (12023): Found entity 1: MUX_OUT File: C:/Users/stefa/OneDrive/Desktop/MAGISTRALE/Sistemi digitali integrati/PROGETTO RUO ROCH/VHDL/BUS/MUX_OUT.vhd Line: 5
Info (12021): Found 2 design units, including 1 entities, in source file /users/stefa/onedrive/desktop/magistrale/sistemi digitali integrati/progetto ruo roch/vhdl/bus/fsm_bus.vhd
    Info (12022): Found design unit 1: FSM_BUS-behav File: C:/Users/stefa/OneDrive/Desktop/MAGISTRALE/Sistemi digitali integrati/PROGETTO RUO ROCH/VHDL/BUS/FSM_bus.vhd Line: 12
    Info (12023): Found entity 1: FSM_BUS File: C:/Users/stefa/OneDrive/Desktop/MAGISTRALE/Sistemi digitali integrati/PROGETTO RUO ROCH/VHDL/BUS/FSM_bus.vhd Line: 5
Info (12021): Found 2 design units, including 1 entities, in source file /users/stefa/onedrive/desktop/magistrale/sistemi digitali integrati/progetto ruo roch/vhdl/bus/bus_int.vhd
    Info (12022): Found design unit 1: BUS_INT-behav File: C:/Users/stefa/OneDrive/Desktop/MAGISTRALE/Sistemi digitali integrati/PROGETTO RUO ROCH/VHDL/BUS/BUS_INT.vhd Line: 14
    Info (12023): Found entity 1: BUS_INT File: C:/Users/stefa/OneDrive/Desktop/MAGISTRALE/Sistemi digitali integrati/PROGETTO RUO ROCH/VHDL/BUS/BUS_INT.vhd Line: 5
Info (12021): Found 2 design units, including 1 entities, in source file /users/stefa/onedrive/desktop/magistrale/sistemi digitali integrati/progetto ruo roch/vhdl/bus/add.vhd
    Info (12022): Found design unit 1: ADD-behav File: C:/Users/stefa/OneDrive/Desktop/MAGISTRALE/Sistemi digitali integrati/PROGETTO RUO ROCH/VHDL/BUS/ADD.vhd Line: 11
    Info (12023): Found entity 1: ADD File: C:/Users/stefa/OneDrive/Desktop/MAGISTRALE/Sistemi digitali integrati/PROGETTO RUO ROCH/VHDL/BUS/ADD.vhd Line: 5
Info (12021): Found 2 design units, including 1 entities, in source file /users/stefa/onedrive/desktop/magistrale/sistemi digitali integrati/progetto ruo roch/vhdl/atn/reg7.vhd
    Info (12022): Found design unit 1: REG7-behav File: C:/Users/stefa/OneDrive/Desktop/MAGISTRALE/Sistemi digitali integrati/PROGETTO RUO ROCH/VHDL/ATN/REG7.vhd Line: 12
    Info (12023): Found entity 1: REG7 File: C:/Users/stefa/OneDrive/Desktop/MAGISTRALE/Sistemi digitali integrati/PROGETTO RUO ROCH/VHDL/ATN/REG7.vhd Line: 5
Info (12021): Found 2 design units, including 1 entities, in source file /users/stefa/onedrive/desktop/magistrale/sistemi digitali integrati/progetto ruo roch/vhdl/atn/reg3_atn.vhd
    Info (12022): Found design unit 1: REG3_ATN-behav File: C:/Users/stefa/OneDrive/Desktop/MAGISTRALE/Sistemi digitali integrati/PROGETTO RUO ROCH/VHDL/ATN/REG3_ATN.vhd Line: 12
    Info (12023): Found entity 1: REG3_ATN File: C:/Users/stefa/OneDrive/Desktop/MAGISTRALE/Sistemi digitali integrati/PROGETTO RUO ROCH/VHDL/ATN/REG3_ATN.vhd Line: 5
Info (12021): Found 2 design units, including 1 entities, in source file /users/stefa/onedrive/desktop/magistrale/sistemi digitali integrati/progetto ruo roch/vhdl/atn/or_gate.vhd
    Info (12022): Found design unit 1: OR_GATE-behav File: C:/Users/stefa/OneDrive/Desktop/MAGISTRALE/Sistemi digitali integrati/PROGETTO RUO ROCH/VHDL/ATN/OR_GATE.vhd Line: 11
    Info (12023): Found entity 1: OR_GATE File: C:/Users/stefa/OneDrive/Desktop/MAGISTRALE/Sistemi digitali integrati/PROGETTO RUO ROCH/VHDL/ATN/OR_GATE.vhd Line: 5
Info (12021): Found 2 design units, including 1 entities, in source file /users/stefa/onedrive/desktop/magistrale/sistemi digitali integrati/progetto ruo roch/vhdl/atn/fsm_atn.vhd
    Info (12022): Found design unit 1: FSM_ATN-behav File: C:/Users/stefa/OneDrive/Desktop/MAGISTRALE/Sistemi digitali integrati/PROGETTO RUO ROCH/VHDL/ATN/FSM_ATN.vhd Line: 12
    Info (12023): Found entity 1: FSM_ATN File: C:/Users/stefa/OneDrive/Desktop/MAGISTRALE/Sistemi digitali integrati/PROGETTO RUO ROCH/VHDL/ATN/FSM_ATN.vhd Line: 5
Info (12021): Found 2 design units, including 1 entities, in source file /users/stefa/onedrive/desktop/magistrale/sistemi digitali integrati/progetto ruo roch/vhdl/atn/atn.vhd
    Info (12022): Found design unit 1: ATN-BEHAV File: C:/Users/stefa/OneDrive/Desktop/MAGISTRALE/Sistemi digitali integrati/PROGETTO RUO ROCH/VHDL/ATN/ATN.vhd Line: 14
    Info (12023): Found entity 1: ATN File: C:/Users/stefa/OneDrive/Desktop/MAGISTRALE/Sistemi digitali integrati/PROGETTO RUO ROCH/VHDL/ATN/ATN.vhd Line: 5
Info (12127): Elaborating entity "UART" for the top level hierarchy
Info (12128): Elaborating entity "tx" for hierarchy "tx:trasm" File: C:/Users/stefa/OneDrive/Desktop/MAGISTRALE/Sistemi digitali integrati/PROGETTO RUO ROCH/VHDL/UART/UART.vhd Line: 56
Info (12128): Elaborating entity "shift_register_tx" for hierarchy "tx:trasm|shift_register_tx:S_REG" File: C:/Users/stefa/OneDrive/Desktop/MAGISTRALE/Sistemi digitali integrati/PROGETTO RUO ROCH/VHDL/TX/tx.vhd Line: 38
Info (12128): Elaborating entity "FlipFlop" for hierarchy "tx:trasm|FlipFlop:FF" File: C:/Users/stefa/OneDrive/Desktop/MAGISTRALE/Sistemi digitali integrati/PROGETTO RUO ROCH/VHDL/TX/tx.vhd Line: 39
Info (12128): Elaborating entity "Counter_tx" for hierarchy "tx:trasm|Counter_tx:CNT" File: C:/Users/stefa/OneDrive/Desktop/MAGISTRALE/Sistemi digitali integrati/PROGETTO RUO ROCH/VHDL/TX/tx.vhd Line: 40
Info (12128): Elaborating entity "FSM_tx" for hierarchy "tx:trasm|FSM_tx:CU" File: C:/Users/stefa/OneDrive/Desktop/MAGISTRALE/Sistemi digitali integrati/PROGETTO RUO ROCH/VHDL/TX/tx.vhd Line: 41
Warning (10631): VHDL Process Statement warning at FSM_tx.vhd(20): inferring latch(es) for signal or variable "NS", which holds its previous value in one or more paths through the process File: C:/Users/stefa/OneDrive/Desktop/MAGISTRALE/Sistemi digitali integrati/PROGETTO RUO ROCH/VHDL/TX/FSM_tx.vhd Line: 20
Info (10041): Inferred latch for "NS.DONE_STATE" at FSM_tx.vhd(20) File: C:/Users/stefa/OneDrive/Desktop/MAGISTRALE/Sistemi digitali integrati/PROGETTO RUO ROCH/VHDL/TX/FSM_tx.vhd Line: 20
Info (10041): Inferred latch for "NS.D7" at FSM_tx.vhd(20) File: C:/Users/stefa/OneDrive/Desktop/MAGISTRALE/Sistemi digitali integrati/PROGETTO RUO ROCH/VHDL/TX/FSM_tx.vhd Line: 20
Info (10041): Inferred latch for "NS.D6" at FSM_tx.vhd(20) File: C:/Users/stefa/OneDrive/Desktop/MAGISTRALE/Sistemi digitali integrati/PROGETTO RUO ROCH/VHDL/TX/FSM_tx.vhd Line: 20
Info (10041): Inferred latch for "NS.D5" at FSM_tx.vhd(20) File: C:/Users/stefa/OneDrive/Desktop/MAGISTRALE/Sistemi digitali integrati/PROGETTO RUO ROCH/VHDL/TX/FSM_tx.vhd Line: 20
Info (10041): Inferred latch for "NS.D4" at FSM_tx.vhd(20) File: C:/Users/stefa/OneDrive/Desktop/MAGISTRALE/Sistemi digitali integrati/PROGETTO RUO ROCH/VHDL/TX/FSM_tx.vhd Line: 20
Info (10041): Inferred latch for "NS.D3" at FSM_tx.vhd(20) File: C:/Users/stefa/OneDrive/Desktop/MAGISTRALE/Sistemi digitali integrati/PROGETTO RUO ROCH/VHDL/TX/FSM_tx.vhd Line: 20
Info (10041): Inferred latch for "NS.D2" at FSM_tx.vhd(20) File: C:/Users/stefa/OneDrive/Desktop/MAGISTRALE/Sistemi digitali integrati/PROGETTO RUO ROCH/VHDL/TX/FSM_tx.vhd Line: 20
Info (10041): Inferred latch for "NS.D1" at FSM_tx.vhd(20) File: C:/Users/stefa/OneDrive/Desktop/MAGISTRALE/Sistemi digitali integrati/PROGETTO RUO ROCH/VHDL/TX/FSM_tx.vhd Line: 20
Info (10041): Inferred latch for "NS.D0" at FSM_tx.vhd(20) File: C:/Users/stefa/OneDrive/Desktop/MAGISTRALE/Sistemi digitali integrati/PROGETTO RUO ROCH/VHDL/TX/FSM_tx.vhd Line: 20
Info (10041): Inferred latch for "NS.STOP" at FSM_tx.vhd(20) File: C:/Users/stefa/OneDrive/Desktop/MAGISTRALE/Sistemi digitali integrati/PROGETTO RUO ROCH/VHDL/TX/FSM_tx.vhd Line: 20
Info (10041): Inferred latch for "NS.SH_STOP" at FSM_tx.vhd(20) File: C:/Users/stefa/OneDrive/Desktop/MAGISTRALE/Sistemi digitali integrati/PROGETTO RUO ROCH/VHDL/TX/FSM_tx.vhd Line: 20
Info (10041): Inferred latch for "NS.SH7" at FSM_tx.vhd(20) File: C:/Users/stefa/OneDrive/Desktop/MAGISTRALE/Sistemi digitali integrati/PROGETTO RUO ROCH/VHDL/TX/FSM_tx.vhd Line: 20
Info (10041): Inferred latch for "NS.SH6" at FSM_tx.vhd(20) File: C:/Users/stefa/OneDrive/Desktop/MAGISTRALE/Sistemi digitali integrati/PROGETTO RUO ROCH/VHDL/TX/FSM_tx.vhd Line: 20
Info (10041): Inferred latch for "NS.SH5" at FSM_tx.vhd(20) File: C:/Users/stefa/OneDrive/Desktop/MAGISTRALE/Sistemi digitali integrati/PROGETTO RUO ROCH/VHDL/TX/FSM_tx.vhd Line: 20
Info (10041): Inferred latch for "NS.SH4" at FSM_tx.vhd(20) File: C:/Users/stefa/OneDrive/Desktop/MAGISTRALE/Sistemi digitali integrati/PROGETTO RUO ROCH/VHDL/TX/FSM_tx.vhd Line: 20
Info (10041): Inferred latch for "NS.SH3" at FSM_tx.vhd(20) File: C:/Users/stefa/OneDrive/Desktop/MAGISTRALE/Sistemi digitali integrati/PROGETTO RUO ROCH/VHDL/TX/FSM_tx.vhd Line: 20
Info (10041): Inferred latch for "NS.SH2" at FSM_tx.vhd(20) File: C:/Users/stefa/OneDrive/Desktop/MAGISTRALE/Sistemi digitali integrati/PROGETTO RUO ROCH/VHDL/TX/FSM_tx.vhd Line: 20
Info (10041): Inferred latch for "NS.SH1" at FSM_tx.vhd(20) File: C:/Users/stefa/OneDrive/Desktop/MAGISTRALE/Sistemi digitali integrati/PROGETTO RUO ROCH/VHDL/TX/FSM_tx.vhd Line: 20
Info (10041): Inferred latch for "NS.SH0" at FSM_tx.vhd(20) File: C:/Users/stefa/OneDrive/Desktop/MAGISTRALE/Sistemi digitali integrati/PROGETTO RUO ROCH/VHDL/TX/FSM_tx.vhd Line: 20
Info (10041): Inferred latch for "NS.START" at FSM_tx.vhd(20) File: C:/Users/stefa/OneDrive/Desktop/MAGISTRALE/Sistemi digitali integrati/PROGETTO RUO ROCH/VHDL/TX/FSM_tx.vhd Line: 20
Info (10041): Inferred latch for "NS.LOAD" at FSM_tx.vhd(20) File: C:/Users/stefa/OneDrive/Desktop/MAGISTRALE/Sistemi digitali integrati/PROGETTO RUO ROCH/VHDL/TX/FSM_tx.vhd Line: 20
Info (10041): Inferred latch for "NS.IDLE" at FSM_tx.vhd(20) File: C:/Users/stefa/OneDrive/Desktop/MAGISTRALE/Sistemi digitali integrati/PROGETTO RUO ROCH/VHDL/TX/FSM_tx.vhd Line: 20
Info (12128): Elaborating entity "RX" for hierarchy "RX:rix" File: C:/Users/stefa/OneDrive/Desktop/MAGISTRALE/Sistemi digitali integrati/PROGETTO RUO ROCH/VHDL/UART/UART.vhd Line: 57
Info (12128): Elaborating entity "FSM_RX" for hierarchy "RX:rix|FSM_RX:CU" File: C:/Users/stefa/OneDrive/Desktop/MAGISTRALE/Sistemi digitali integrati/PROGETTO RUO ROCH/VHDL/RX/RX.vhd Line: 52
Warning (10631): VHDL Process Statement warning at FSM_RX.vhd(19): inferring latch(es) for signal or variable "NS", which holds its previous value in one or more paths through the process File: C:/Users/stefa/OneDrive/Desktop/MAGISTRALE/Sistemi digitali integrati/PROGETTO RUO ROCH/VHDL/RX/FSM_RX.vhd Line: 19
Info (10041): Inferred latch for "NS.DONE_ST" at FSM_RX.vhd(19) File: C:/Users/stefa/OneDrive/Desktop/MAGISTRALE/Sistemi digitali integrati/PROGETTO RUO ROCH/VHDL/RX/FSM_RX.vhd Line: 19
Info (10041): Inferred latch for "NS.WAIT_ST" at FSM_RX.vhd(19) File: C:/Users/stefa/OneDrive/Desktop/MAGISTRALE/Sistemi digitali integrati/PROGETTO RUO ROCH/VHDL/RX/FSM_RX.vhd Line: 19
Info (10041): Inferred latch for "NS.LP" at FSM_RX.vhd(19) File: C:/Users/stefa/OneDrive/Desktop/MAGISTRALE/Sistemi digitali integrati/PROGETTO RUO ROCH/VHDL/RX/FSM_RX.vhd Line: 19
Info (10041): Inferred latch for "NS.VOTE" at FSM_RX.vhd(19) File: C:/Users/stefa/OneDrive/Desktop/MAGISTRALE/Sistemi digitali integrati/PROGETTO RUO ROCH/VHDL/RX/FSM_RX.vhd Line: 19
Info (10041): Inferred latch for "NS.REG_A" at FSM_RX.vhd(19) File: C:/Users/stefa/OneDrive/Desktop/MAGISTRALE/Sistemi digitali integrati/PROGETTO RUO ROCH/VHDL/RX/FSM_RX.vhd Line: 19
Info (10041): Inferred latch for "NS.SH_C7" at FSM_RX.vhd(19) File: C:/Users/stefa/OneDrive/Desktop/MAGISTRALE/Sistemi digitali integrati/PROGETTO RUO ROCH/VHDL/RX/FSM_RX.vhd Line: 19
Info (10041): Inferred latch for "NS.C6" at FSM_RX.vhd(19) File: C:/Users/stefa/OneDrive/Desktop/MAGISTRALE/Sistemi digitali integrati/PROGETTO RUO ROCH/VHDL/RX/FSM_RX.vhd Line: 19
Info (10041): Inferred latch for "NS.SH_C6" at FSM_RX.vhd(19) File: C:/Users/stefa/OneDrive/Desktop/MAGISTRALE/Sistemi digitali integrati/PROGETTO RUO ROCH/VHDL/RX/FSM_RX.vhd Line: 19
Info (10041): Inferred latch for "NS.C5" at FSM_RX.vhd(19) File: C:/Users/stefa/OneDrive/Desktop/MAGISTRALE/Sistemi digitali integrati/PROGETTO RUO ROCH/VHDL/RX/FSM_RX.vhd Line: 19
Info (10041): Inferred latch for "NS.SH_C5" at FSM_RX.vhd(19) File: C:/Users/stefa/OneDrive/Desktop/MAGISTRALE/Sistemi digitali integrati/PROGETTO RUO ROCH/VHDL/RX/FSM_RX.vhd Line: 19
Info (10041): Inferred latch for "NS.C4" at FSM_RX.vhd(19) File: C:/Users/stefa/OneDrive/Desktop/MAGISTRALE/Sistemi digitali integrati/PROGETTO RUO ROCH/VHDL/RX/FSM_RX.vhd Line: 19
Info (10041): Inferred latch for "NS.SH_C4" at FSM_RX.vhd(19) File: C:/Users/stefa/OneDrive/Desktop/MAGISTRALE/Sistemi digitali integrati/PROGETTO RUO ROCH/VHDL/RX/FSM_RX.vhd Line: 19
Info (10041): Inferred latch for "NS.C3" at FSM_RX.vhd(19) File: C:/Users/stefa/OneDrive/Desktop/MAGISTRALE/Sistemi digitali integrati/PROGETTO RUO ROCH/VHDL/RX/FSM_RX.vhd Line: 19
Info (10041): Inferred latch for "NS.SH_C3" at FSM_RX.vhd(19) File: C:/Users/stefa/OneDrive/Desktop/MAGISTRALE/Sistemi digitali integrati/PROGETTO RUO ROCH/VHDL/RX/FSM_RX.vhd Line: 19
Info (10041): Inferred latch for "NS.C2" at FSM_RX.vhd(19) File: C:/Users/stefa/OneDrive/Desktop/MAGISTRALE/Sistemi digitali integrati/PROGETTO RUO ROCH/VHDL/RX/FSM_RX.vhd Line: 19
Info (10041): Inferred latch for "NS.SH_C2" at FSM_RX.vhd(19) File: C:/Users/stefa/OneDrive/Desktop/MAGISTRALE/Sistemi digitali integrati/PROGETTO RUO ROCH/VHDL/RX/FSM_RX.vhd Line: 19
Info (10041): Inferred latch for "NS.C1" at FSM_RX.vhd(19) File: C:/Users/stefa/OneDrive/Desktop/MAGISTRALE/Sistemi digitali integrati/PROGETTO RUO ROCH/VHDL/RX/FSM_RX.vhd Line: 19
Info (10041): Inferred latch for "NS.SH_C1" at FSM_RX.vhd(19) File: C:/Users/stefa/OneDrive/Desktop/MAGISTRALE/Sistemi digitali integrati/PROGETTO RUO ROCH/VHDL/RX/FSM_RX.vhd Line: 19
Info (10041): Inferred latch for "NS.C0" at FSM_RX.vhd(19) File: C:/Users/stefa/OneDrive/Desktop/MAGISTRALE/Sistemi digitali integrati/PROGETTO RUO ROCH/VHDL/RX/FSM_RX.vhd Line: 19
Info (10041): Inferred latch for "NS.SH_C0" at FSM_RX.vhd(19) File: C:/Users/stefa/OneDrive/Desktop/MAGISTRALE/Sistemi digitali integrati/PROGETTO RUO ROCH/VHDL/RX/FSM_RX.vhd Line: 19
Info (10041): Inferred latch for "NS.START_ST" at FSM_RX.vhd(19) File: C:/Users/stefa/OneDrive/Desktop/MAGISTRALE/Sistemi digitali integrati/PROGETTO RUO ROCH/VHDL/RX/FSM_RX.vhd Line: 19
Info (10041): Inferred latch for "NS.NC" at FSM_RX.vhd(19) File: C:/Users/stefa/OneDrive/Desktop/MAGISTRALE/Sistemi digitali integrati/PROGETTO RUO ROCH/VHDL/RX/FSM_RX.vhd Line: 19
Info (10041): Inferred latch for "NS.SH_X" at FSM_RX.vhd(19) File: C:/Users/stefa/OneDrive/Desktop/MAGISTRALE/Sistemi digitali integrati/PROGETTO RUO ROCH/VHDL/RX/FSM_RX.vhd Line: 19
Info (10041): Inferred latch for "NS.IDLE" at FSM_RX.vhd(19) File: C:/Users/stefa/OneDrive/Desktop/MAGISTRALE/Sistemi digitali integrati/PROGETTO RUO ROCH/VHDL/RX/FSM_RX.vhd Line: 19
Info (12128): Elaborating entity "shift_register" for hierarchy "RX:rix|shift_register:SHC" File: C:/Users/stefa/OneDrive/Desktop/MAGISTRALE/Sistemi digitali integrati/PROGETTO RUO ROCH/VHDL/RX/RX.vhd Line: 54
Info (12128): Elaborating entity "start_g" for hierarchy "RX:rix|start_g:strt" File: C:/Users/stefa/OneDrive/Desktop/MAGISTRALE/Sistemi digitali integrati/PROGETTO RUO ROCH/VHDL/RX/RX.vhd Line: 55
Info (12128): Elaborating entity "REG" for hierarchy "RX:rix|REG:regA0" File: C:/Users/stefa/OneDrive/Desktop/MAGISTRALE/Sistemi digitali integrati/PROGETTO RUO ROCH/VHDL/RX/RX.vhd Line: 56
Info (12128): Elaborating entity "VOTER" for hierarchy "RX:rix|VOTER:vot" File: C:/Users/stefa/OneDrive/Desktop/MAGISTRALE/Sistemi digitali integrati/PROGETTO RUO ROCH/VHDL/RX/RX.vhd Line: 59
Info (12128): Elaborating entity "Cnt_c" for hierarchy "RX:rix|Cnt_c:counter_c" File: C:/Users/stefa/OneDrive/Desktop/MAGISTRALE/Sistemi digitali integrati/PROGETTO RUO ROCH/VHDL/RX/RX.vhd Line: 63
Info (12128): Elaborating entity "Cnt_0" for hierarchy "RX:rix|Cnt_0:counter_0" File: C:/Users/stefa/OneDrive/Desktop/MAGISTRALE/Sistemi digitali integrati/PROGETTO RUO ROCH/VHDL/RX/RX.vhd Line: 64
Info (12128): Elaborating entity "BUS_INT" for hierarchy "BUS_INT:bus_i" File: C:/Users/stefa/OneDrive/Desktop/MAGISTRALE/Sistemi digitali integrati/PROGETTO RUO ROCH/VHDL/UART/UART.vhd Line: 58
Info (12128): Elaborating entity "REG_GATE" for hierarchy "BUS_INT:bus_i|REG_GATE:gate" File: C:/Users/stefa/OneDrive/Desktop/MAGISTRALE/Sistemi digitali integrati/PROGETTO RUO ROCH/VHDL/BUS/BUS_INT.vhd Line: 76
Info (12128): Elaborating entity "REG_TX" for hierarchy "BUS_INT:bus_i|REG_TX:R_TX" File: C:/Users/stefa/OneDrive/Desktop/MAGISTRALE/Sistemi digitali integrati/PROGETTO RUO ROCH/VHDL/BUS/BUS_INT.vhd Line: 77
Info (12128): Elaborating entity "REG_RX" for hierarchy "BUS_INT:bus_i|REG_RX:R_RX" File: C:/Users/stefa/OneDrive/Desktop/MAGISTRALE/Sistemi digitali integrati/PROGETTO RUO ROCH/VHDL/BUS/BUS_INT.vhd Line: 78
Info (12128): Elaborating entity "REG_CONTROL" for hierarchy "BUS_INT:bus_i|REG_CONTROL:R_C" File: C:/Users/stefa/OneDrive/Desktop/MAGISTRALE/Sistemi digitali integrati/PROGETTO RUO ROCH/VHDL/BUS/BUS_INT.vhd Line: 79
Info (12128): Elaborating entity "REG_STATUS" for hierarchy "BUS_INT:bus_i|REG_STATUS:R_S" File: C:/Users/stefa/OneDrive/Desktop/MAGISTRALE/Sistemi digitali integrati/PROGETTO RUO ROCH/VHDL/BUS/BUS_INT.vhd Line: 80
Info (12128): Elaborating entity "ADD" for hierarchy "BUS_INT:bus_i|ADD:address_mux" File: C:/Users/stefa/OneDrive/Desktop/MAGISTRALE/Sistemi digitali integrati/PROGETTO RUO ROCH/VHDL/BUS/BUS_INT.vhd Line: 81
Info (12128): Elaborating entity "MUX_OUT" for hierarchy "BUS_INT:bus_i|MUX_OUT:MUX" File: C:/Users/stefa/OneDrive/Desktop/MAGISTRALE/Sistemi digitali integrati/PROGETTO RUO ROCH/VHDL/BUS/BUS_INT.vhd Line: 83
Info (12128): Elaborating entity "FSM_BUS" for hierarchy "BUS_INT:bus_i|FSM_BUS:CU" File: C:/Users/stefa/OneDrive/Desktop/MAGISTRALE/Sistemi digitali integrati/PROGETTO RUO ROCH/VHDL/BUS/BUS_INT.vhd Line: 84
Warning (10631): VHDL Process Statement warning at FSM_bus.vhd(19): inferring latch(es) for signal or variable "NS", which holds its previous value in one or more paths through the process File: C:/Users/stefa/OneDrive/Desktop/MAGISTRALE/Sistemi digitali integrati/PROGETTO RUO ROCH/VHDL/BUS/FSM_bus.vhd Line: 19
Info (10041): Inferred latch for "NS.MUX_ST" at FSM_bus.vhd(19) File: C:/Users/stefa/OneDrive/Desktop/MAGISTRALE/Sistemi digitali integrati/PROGETTO RUO ROCH/VHDL/BUS/FSM_bus.vhd Line: 19
Info (10041): Inferred latch for "NS.WRITE_ST" at FSM_bus.vhd(19) File: C:/Users/stefa/OneDrive/Desktop/MAGISTRALE/Sistemi digitali integrati/PROGETTO RUO ROCH/VHDL/BUS/FSM_bus.vhd Line: 19
Info (10041): Inferred latch for "NS.READ_ST" at FSM_bus.vhd(19) File: C:/Users/stefa/OneDrive/Desktop/MAGISTRALE/Sistemi digitali integrati/PROGETTO RUO ROCH/VHDL/BUS/FSM_bus.vhd Line: 19
Info (10041): Inferred latch for "NS.WAIT_ST" at FSM_bus.vhd(19) File: C:/Users/stefa/OneDrive/Desktop/MAGISTRALE/Sistemi digitali integrati/PROGETTO RUO ROCH/VHDL/BUS/FSM_bus.vhd Line: 19
Info (12128): Elaborating entity "ATN" for hierarchy "ATN:ATN_B" File: C:/Users/stefa/OneDrive/Desktop/MAGISTRALE/Sistemi digitali integrati/PROGETTO RUO ROCH/VHDL/UART/UART.vhd Line: 62
Info (12128): Elaborating entity "REG7" for hierarchy "ATN:ATN_B|REG7:reg_7" File: C:/Users/stefa/OneDrive/Desktop/MAGISTRALE/Sistemi digitali integrati/PROGETTO RUO ROCH/VHDL/ATN/ATN.vhd Line: 49
Info (12128): Elaborating entity "OR_GATE" for hierarchy "ATN:ATN_B|OR_GATE:OR_PORT" File: C:/Users/stefa/OneDrive/Desktop/MAGISTRALE/Sistemi digitali integrati/PROGETTO RUO ROCH/VHDL/ATN/ATN.vhd Line: 50
Info (12128): Elaborating entity "FSM_ATN" for hierarchy "ATN:ATN_B|FSM_ATN:CU" File: C:/Users/stefa/OneDrive/Desktop/MAGISTRALE/Sistemi digitali integrati/PROGETTO RUO ROCH/VHDL/ATN/ATN.vhd Line: 52
Warning (10631): VHDL Process Statement warning at FSM_ATN.vhd(19): inferring latch(es) for signal or variable "NS", which holds its previous value in one or more paths through the process File: C:/Users/stefa/OneDrive/Desktop/MAGISTRALE/Sistemi digitali integrati/PROGETTO RUO ROCH/VHDL/ATN/FSM_ATN.vhd Line: 19
Warning (10631): VHDL Process Statement warning at FSM_ATN.vhd(42): inferring latch(es) for signal or variable "ATN", which holds its previous value in one or more paths through the process File: C:/Users/stefa/OneDrive/Desktop/MAGISTRALE/Sistemi digitali integrati/PROGETTO RUO ROCH/VHDL/ATN/FSM_ATN.vhd Line: 42
Info (10041): Inferred latch for "ATN" at FSM_ATN.vhd(42) File: C:/Users/stefa/OneDrive/Desktop/MAGISTRALE/Sistemi digitali integrati/PROGETTO RUO ROCH/VHDL/ATN/FSM_ATN.vhd Line: 42
Info (10041): Inferred latch for "NS.ATNCK_ST" at FSM_ATN.vhd(19) File: C:/Users/stefa/OneDrive/Desktop/MAGISTRALE/Sistemi digitali integrati/PROGETTO RUO ROCH/VHDL/ATN/FSM_ATN.vhd Line: 19
Info (10041): Inferred latch for "NS.ATN_ST" at FSM_ATN.vhd(19) File: C:/Users/stefa/OneDrive/Desktop/MAGISTRALE/Sistemi digitali integrati/PROGETTO RUO ROCH/VHDL/ATN/FSM_ATN.vhd Line: 19
Info (10041): Inferred latch for "NS.POLLING" at FSM_ATN.vhd(19) File: C:/Users/stefa/OneDrive/Desktop/MAGISTRALE/Sistemi digitali integrati/PROGETTO RUO ROCH/VHDL/ATN/FSM_ATN.vhd Line: 19
Info: Quartus Prime Analysis & Elaboration was successful. 0 errors, 6 warnings
    Info: Peak virtual memory: 4850 megabytes
    Info: Processing ended: Thu Dec 17 11:38:14 2020
    Info: Elapsed time: 00:00:16
    Info: Total CPU time (on all processors): 00:00:36


