Flow report for BUS_2
Tue Dec 15 11:57:55 2020
Quartus II Version 11.0 Build 208 07/03/2011 Service Pack 1 SJ Web Edition


---------------------
; Table of Contents ;
---------------------
  1. Legal Notice
  2. Flow Summary
  3. Flow Settings
  4. Flow Non-Default Global Settings
  5. Flow Elapsed Time
  6. Flow OS Summary
  7. Flow Log



----------------
; Legal Notice ;
----------------
Copyright (C) 1991-2011 Altera Corporation
Your use of Altera Corporation's design tools, logic functions 
and other software and tools, and its AMPP partner logic 
functions, and any output files from any of the foregoing 
(including device programming or simulation files), and any 
associated documentation or information are expressly subject 
to the terms and conditions of the Altera Program License 
Subscription Agreement, Altera MegaCore Function License 
Agreement, or other applicable license agreement, including, 
without limitation, that your use is for the sole purpose of 
programming logic devices manufactured by Altera and sold by 
Altera or its authorized distributors.  Please refer to the 
applicable agreement for further details.



+------------------------------------------------------------------------------------+
; Flow Summary                                                                       ;
+------------------------------------+-----------------------------------------------+
; Flow Status                        ; Successful - Tue Dec 15 11:57:55 2020         ;
; Quartus II Version                 ; 11.0 Build 208 07/03/2011 SP 1 SJ Web Edition ;
; Revision Name                      ; BUS_2                                         ;
; Top-level Entity Name              ; BUS_INT                                       ;
; Family                             ; Cyclone II                                    ;
; Device                             ; EP2C35U484C6                                  ;
; Timing Models                      ; Final                                         ;
; Total logic elements               ; 50 / 33,216 ( < 1 % )                         ;
;     Total combinational functions  ; 41 / 33,216 ( < 1 % )                         ;
;     Dedicated logic registers      ; 27 / 33,216 ( < 1 % )                         ;
; Total registers                    ; 27                                            ;
; Total pins                         ; 45 / 322 ( 14 % )                             ;
; Total virtual pins                 ; 0                                             ;
; Total memory bits                  ; 0 / 483,840 ( 0 % )                           ;
; Embedded Multiplier 9-bit elements ; 0 / 70 ( 0 % )                                ;
; Total PLLs                         ; 0 / 4 ( 0 % )                                 ;
+------------------------------------+-----------------------------------------------+


+-----------------------------------------+
; Flow Settings                           ;
+-------------------+---------------------+
; Option            ; Setting             ;
+-------------------+---------------------+
; Start date & time ; 12/15/2020 11:57:35 ;
; Main task         ; Compilation         ;
; Revision Name     ; BUS_2               ;
+-------------------+---------------------+


+-----------------------------------------------------------------------------------------------------------------+
; Flow Non-Default Global Settings                                                                                ;
+-------------------------------------+--------------------------------+---------------+-------------+------------+
; Assignment Name                     ; Value                          ; Default Value ; Entity Name ; Section Id ;
+-------------------------------------+--------------------------------+---------------+-------------+------------+
; COMPILER_SIGNATURE_ID               ; 93179171902457.160802985405288 ; --            ; --          ; --         ;
; MAX_CORE_JUNCTION_TEMP              ; 85                             ; --            ; --          ; --         ;
; MIN_CORE_JUNCTION_TEMP              ; 0                              ; --            ; --          ; --         ;
; PARTITION_COLOR                     ; 16764057                       ; --            ; BUS_INT     ; Top        ;
; PARTITION_FITTER_PRESERVATION_LEVEL ; PLACEMENT_AND_ROUTING          ; --            ; BUS_INT     ; Top        ;
; PARTITION_NETLIST_TYPE              ; SOURCE                         ; --            ; BUS_INT     ; Top        ;
; TOP_LEVEL_ENTITY                    ; BUS_INT                        ; BUS_2         ; --          ; --         ;
+-------------------------------------+--------------------------------+---------------+-------------+------------+


+-------------------------------------------------------------------------------------------------------------------------------+
; Flow Elapsed Time                                                                                                             ;
+---------------------------+--------------+-------------------------+---------------------+------------------------------------+
; Module Name               ; Elapsed Time ; Average Processors Used ; Peak Virtual Memory ; Total CPU Time (on all processors) ;
+---------------------------+--------------+-------------------------+---------------------+------------------------------------+
; Analysis & Synthesis      ; 00:00:04     ; 1.0                     ; 305 MB              ; 00:00:03                           ;
; Fitter                    ; 00:00:08     ; 1.0                     ; 397 MB              ; 00:00:08                           ;
; TimeQuest Timing Analyzer ; 00:00:05     ; 1.0                     ; 284 MB              ; 00:00:03                           ;
; Assembler                 ; 00:00:06     ; 1.0                     ; 324 MB              ; 00:00:04                           ;
; Total                     ; 00:00:23     ; --                      ; --                  ; 00:00:18                           ;
+---------------------------+--------------+-------------------------+---------------------+------------------------------------+


+----------------------------------------------------------------------------------------+
; Flow OS Summary                                                                        ;
+---------------------------+------------------+-----------+------------+----------------+
; Module Name               ; Machine Hostname ; OS Name   ; OS Version ; Processor type ;
+---------------------------+------------------+-----------+------------+----------------+
; Analysis & Synthesis      ; Pc-ute           ; Windows 7 ; 6.2        ; x86_64         ;
; Fitter                    ; Pc-ute           ; Windows 7 ; 6.2        ; x86_64         ;
; TimeQuest Timing Analyzer ; Pc-ute           ; Windows 7 ; 6.2        ; x86_64         ;
; Assembler                 ; Pc-ute           ; Windows 7 ; 6.2        ; x86_64         ;
+---------------------------+------------------+-----------+------------+----------------+


------------
; Flow Log ;
------------
quartus_map --read_settings_files=on --write_settings_files=off BUS_2 -c BUS_2
quartus_fit --read_settings_files=off --write_settings_files=off BUS_2 -c BUS_2
quartus_sta BUS_2 -c BUS_2
quartus_asm --read_settings_files=off --write_settings_files=off BUS_2 -c BUS_2



